[2026-02-13 14:28:39.642] [INFO    ] [Settings            ] Configuration chargee depuis : C:\Users\DELL\AppData\Roaming\pyRevit-Master\extensions\AutoRevit.extension\config.json
[2026-02-13 14:33:44.791] [INFO    ] [Settings            ] Configuration chargee depuis : C:\Users\DELL\AppData\Roaming\pyRevit-Master\extensions\AutoRevit.extension\config.json
[2026-02-13 14:34:55.856] [INFO    ] [Settings            ] Configuration chargee depuis : C:\Users\DELL\AppData\Roaming\pyRevit-Master\extensions\AutoRevit.extension\config.json
[2026-02-13 14:37:24.327] [INFO    ] [Settings            ] Configuration chargee depuis : C:\Users\DELL\AppData\Roaming\pyRevit-Master\extensions\AutoRevit.extension\config.json
[2026-02-13 14:38:46.046] [INFO    ] [Settings            ] Configuration chargee depuis : C:\Users\DELL\AppData\Roaming\pyRevit-Master\extensions\AutoRevit.extension\config.json
[2026-02-13 14:41:24.361] [INFO    ] [Settings            ] Configuration chargee depuis : C:\Users\DELL\AppData\Roaming\pyRevit-Master\extensions\AutoRevit.extension\config.json
[2026-02-13 14:47:21.015] [INFO    ] [Settings            ] Configuration chargee depuis : C:\Users\DELL\AppData\Roaming\pyRevit-Master\extensions\AutoRevit.extension\config.json
[2026-02-13 14:48:15.049] [INFO    ] [Settings            ] Configuration chargee depuis : C:\Users\DELL\AppData\Roaming\pyRevit-Master\extensions\AutoRevit.extension\config.json
[2026-02-13 14:49:02.959] [INFO    ] [Settings            ] Configuration chargee depuis : C:\Users\DELL\AppData\Roaming\pyRevit-Master\extensions\AutoRevit.extension\config.json
[2026-02-13 14:49:43.612] [INFO    ] [Settings            ] Configuration chargee depuis : C:\Users\DELL\AppData\Roaming\pyRevit-Master\extensions\AutoRevit.extension\config.json
[2026-02-13 14:50:54.422] [INFO    ] [Settings            ] Configuration chargee depuis : C:\Users\DELL\AppData\Roaming\pyRevit-Master\extensions\AutoRevit.extension\config.json
[2026-02-13 14:54:09.751] [INFO    ] [Settings            ] Configuration chargee depuis : C:\Users\DELL\AppData\Roaming\pyRevit-Master\extensions\AutoRevit.extension\config.json
[2026-02-13 14:54:10.060] [WARN    ] [services.revit_service] Revit API non disponible (mode developpement)
[2026-02-13 14:54:58.729] [INFO    ] [Settings            ] Configuration chargee depuis : C:\Users\DELL\AppData\Roaming\pyRevit-Master\extensions\AutoRevit.extension\config.json
[2026-02-13 14:54:59.059] [WARN    ] [services.revit_service] Revit API non disponible (mode developpement)
[2026-02-13 14:57:04.462] [INFO    ] [Settings            ] Configuration chargee depuis : C:\Users\DELL\AppData\Roaming\pyRevit-Master\extensions\AutoRevit.extension\config.json
[2026-02-13 14:57:04.738] [WARN    ] [services.revit_service] Revit API non disponible (mode developpement)
[2026-02-13 15:03:44.527] [INFO    ] [Settings            ] Configuration chargee depuis : C:\Users\DELL\AppData\Roaming\pyRevit-Master\extensions\AutoRevit.extension\config.json
[2026-02-13 15:03:44.825] [WARN    ] [services.revit_service] Revit API non disponible (mode developpement)
[2026-02-13 15:04:10.794] [INFO    ] [Settings            ] Configuration chargee depuis : C:\Users\DELL\AppData\Roaming\pyRevit-Master\extensions\AutoRevit.extension\config.json
[2026-02-13 15:04:11.098] [WARN    ] [services.revit_service] Revit API non disponible (mode developpement)
[2026-02-13 15:09:49.378] [INFO    ] [Settings            ] Configuration chargee depuis : C:\Users\DELL\AppData\Roaming\pyRevit-Master\extensions\AutoRevit.extension\config.json
[2026-02-13 15:09:49.700] [WARN    ] [services.revit_service] Revit API non disponible (mode developpement)
[2026-02-13 15:09:49.795] [WARN    ] [services.parameters_service] Revit API non disponible (mode developpement)
[2026-02-13 15:22:44.942] [INFO    ] [Settings            ] Configuration chargee depuis : C:\Users\DELL\AppData\Roaming\pyRevit-Master\extensions\AutoRevit.extension\config.json
[2026-02-13 15:22:45.339] [WARN    ] [services.revit_service] Revit API non disponible (mode developpement)
[2026-02-13 15:22:45.463] [WARN    ] [services.parameters_service] Revit API non disponible (mode developpement)
[2026-02-13 15:22:45.558] [WARN    ] [services.selection_service] Revit API non disponible (mode developpement)
[2026-02-13 15:24:44.780] [INFO    ] [Settings            ] Configuration chargee depuis : C:\Users\DELL\AppData\Roaming\pyRevit-Master\extensions\AutoRevit.extension\config.json
[2026-02-13 15:24:45.072] [WARN    ] [services.revit_service] Revit API non disponible (mode developpement)
[2026-02-13 15:24:45.177] [WARN    ] [services.parameters_service] Revit API non disponible (mode developpement)
[2026-02-13 15:24:45.291] [WARN    ] [services.selection_service] Revit API non disponible (mode developpement)
[2026-02-13 15:24:45.379] [WARN    ] [services.transaction_service] Revit API non disponible (mode developpement)
[2026-02-13 15:27:34.418] [INFO    ] [Settings            ] Configuration chargee depuis : C:\Users\DELL\AppData\Roaming\pyRevit-Master\extensions\AutoRevit.extension\config.json
[2026-02-13 15:27:34.849] [WARN    ] [services.revit_service] Revit API non disponible (mode developpement)
[2026-02-13 15:27:34.966] [WARN    ] [services.parameters_service] Revit API non disponible (mode developpement)
[2026-02-13 15:27:35.076] [WARN    ] [services.selection_service] Revit API non disponible (mode developpement)
[2026-02-13 15:27:35.173] [WARN    ] [services.transaction_service] Revit API non disponible (mode developpement)
[2026-02-13 15:31:00.618] [INFO    ] [Settings            ] Configuration chargee depuis : C:\Users\DELL\AppData\Roaming\pyRevit-Master\extensions\AutoRevit.extension\config.json
[2026-02-13 15:31:00.960] [WARN    ] [services.revit_service] Revit API non disponible (mode developpement)
[2026-02-13 15:31:01.075] [WARN    ] [services.parameters_service] Revit API non disponible (mode developpement)
[2026-02-13 15:31:01.183] [WARN    ] [services.selection_service] Revit API non disponible (mode developpement)
[2026-02-13 15:31:01.206] [WARN    ] [services.transaction_service] Revit API non disponible (mode developpement)
[2026-02-13 15:36:21.657] [INFO    ] [Settings            ] Configuration chargee depuis : C:\Users\DELL\AppData\Roaming\pyRevit-Master\extensions\AutoRevit.extension\config.json
[2026-02-13 15:36:22.000] [WARN    ] [services.revit_service] Revit API non disponible (mode developpement)
[2026-02-13 15:36:22.117] [WARN    ] [services.parameters_service] Revit API non disponible (mode developpement)
[2026-02-13 15:36:22.221] [WARN    ] [services.selection_service] Revit API non disponible (mode developpement)
[2026-02-13 15:36:22.321] [WARN    ] [services.transaction_service] Revit API non disponible (mode developpement)
[2026-02-13 15:45:00.121] [INFO    ] [Settings            ] Configuration chargee depuis : C:\Users\DELL\AppData\Roaming\pyRevit-Master\extensions\AutoRevit.extension\config.json
[2026-02-13 15:45:00.444] [WARN    ] [services.revit_service] Revit API non disponible (mode developpement)
[2026-02-13 15:45:00.574] [WARN    ] [services.parameters_service] Revit API non disponible (mode developpement)
[2026-02-13 15:45:00.694] [WARN    ] [services.selection_service] Revit API non disponible (mode developpement)
[2026-02-13 15:45:00.802] [WARN    ] [services.transaction_service] Revit API non disponible (mode developpement)
[2026-02-13 16:06:59.280] [INFO    ] [Settings            ] Configuration chargee depuis : C:\Users\DELL\AppData\Roaming\pyRevit-Master\extensions\AutoRevit.extension\config.json
[2026-02-13 16:06:59.745] [WARN    ] [services.revit_service] Revit API non disponible (mode developpement)
[2026-02-13 16:06:59.964] [WARN    ] [services.parameters_service] Revit API non disponible (mode developpement)
[2026-02-13 16:07:00.180] [WARN    ] [services.selection_service] Revit API non disponible (mode developpement)
[2026-02-13 16:07:00.347] [WARN    ] [services.transaction_service] Revit API non disponible (mode developpement)
[2026-02-13 16:07:02.650] [WARN    ] [helpers.revit_helpers] Revit API non disponible (mode developpement)
[2026-02-13 16:11:36.826] [INFO    ] [Settings            ] Configuration chargee depuis : C:\Users\DELL\AppData\Roaming\pyRevit-Master\extensions\AutoRevit.extension\config.json
[2026-02-13 16:11:37.319] [WARN    ] [services.revit_service] Revit API non disponible (mode developpement)
[2026-02-13 16:11:37.495] [WARN    ] [services.parameters_service] Revit API non disponible (mode developpement)
[2026-02-13 16:11:37.671] [WARN    ] [services.selection_service] Revit API non disponible (mode developpement)
[2026-02-13 16:11:37.809] [WARN    ] [services.transaction_service] Revit API non disponible (mode developpement)
[2026-02-13 16:11:39.328] [WARN    ] [helpers.revit_helpers] Revit API non disponible (mode developpement)
[2026-02-13 16:21:17.999] [INFO    ] [Settings            ] Configuration chargee depuis : C:\Users\DELL\AppData\Roaming\pyRevit-Master\extensions\AutoRevit.extension\config.json
[2026-02-13 16:21:18.267] [WARN    ] [services.revit_service] Revit API non disponible (mode developpement)
[2026-02-13 16:21:18.405] [WARN    ] [services.parameters_service] Revit API non disponible (mode developpement)
[2026-02-13 16:21:18.504] [WARN    ] [services.selection_service] Revit API non disponible (mode developpement)
[2026-02-13 16:21:18.521] [WARN    ] [services.transaction_service] Revit API non disponible (mode developpement)
[2026-02-13 16:22:28.939] [WARN    ] [helpers.revit_helpers] Revit API non disponible (mode developpement)
[2026-02-13 16:27:27.294] [INFO    ] [Settings            ] Configuration chargee depuis : C:\Users\DELL\AppData\Roaming\pyRevit-Master\extensions\AutoRevit.extension\config.json
[2026-02-13 16:27:27.760] [WARN    ] [services.revit_service] Revit API non disponible (mode developpement)
[2026-02-13 16:27:27.944] [WARN    ] [services.parameters_service] Revit API non disponible (mode developpement)
[2026-02-13 16:27:28.140] [WARN    ] [services.selection_service] Revit API non disponible (mode developpement)
[2026-02-13 16:27:28.310] [WARN    ] [services.transaction_service] Revit API non disponible (mode developpement)
[2026-02-13 16:27:29.861] [WARN    ] [helpers.revit_helpers] Revit API non disponible (mode developpement)
[2026-02-13 17:27:42.875] [INFO    ] [Settings            ] Configuration chargee depuis : C:\Users\DELL\AppData\Roaming\pyRevit-Master\extensions\AutoRevit.extension\config.json
[2026-02-13 17:27:43.620] [WARN    ] [services.revit_service] Revit API non disponible (mode developpement)
[2026-02-13 17:27:43.870] [WARN    ] [services.parameters_service] Revit API non disponible (mode developpement)
[2026-02-13 17:27:44.053] [WARN    ] [services.selection_service] Revit API non disponible (mode developpement)
[2026-02-13 17:27:44.240] [WARN    ] [services.transaction_service] Revit API non disponible (mode developpement)
[2026-02-13 17:27:47.168] [WARN    ] [helpers.revit_helpers] Revit API non disponible (mode developpement)
[2026-02-13 17:33:52.988] [INFO    ] [Settings            ] Configuration chargee depuis : C:\Users\DELL\AppData\Roaming\pyRevit-Master\extensions\AutoRevit.extension\config.json
[2026-02-13 17:34:56.185] [WARN    ] [services.revit_service] Revit API non disponible (mode developpement)
[2026-02-13 17:34:56.605] [WARN    ] [services.parameters_service] Revit API non disponible (mode developpement)
[2026-02-13 17:34:56.813] [WARN    ] [services.selection_service] Revit API non disponible (mode developpement)
[2026-02-13 17:34:56.934] [WARN    ] [services.transaction_service] Revit API non disponible (mode developpement)
[2026-02-13 17:34:58.995] [WARN    ] [helpers.revit_helpers] Revit API non disponible (mode developpement)
[2026-02-13 17:46:13.653] [INFO    ] [Settings            ] Configuration chargee depuis : C:\Users\DELL\AppData\Roaming\pyRevit-Master\extensions\AutoRevit.extension\config.json
[2026-02-13 17:46:14.305] [WARN    ] [services.revit_service] Revit API non disponible (mode developpement)
[2026-02-13 17:46:14.496] [WARN    ] [services.parameters_service] Revit API non disponible (mode developpement)
[2026-02-13 17:46:14.671] [WARN    ] [services.selection_service] Revit API non disponible (mode developpement)
[2026-02-13 17:46:14.847] [WARN    ] [services.transaction_service] Revit API non disponible (mode developpement)
[2026-02-13 17:46:17.024] [WARN    ] [helpers.revit_helpers] Revit API non disponible (mode developpement)
[2026-02-13 17:58:50.183] [INFO    ] [Settings            ] Configuration chargee depuis : C:\Users\DELL\AppData\Roaming\pyRevit-Master\extensions\AutoRevit.extension\config.json
[2026-02-13 17:58:51.133] [WARN    ] [services.revit_service] Revit API non disponible (mode developpement)
[2026-02-13 17:58:51.321] [WARN    ] [services.parameters_service] Revit API non disponible (mode developpement)
[2026-02-13 17:58:51.470] [WARN    ] [services.selection_service] Revit API non disponible (mode developpement)
[2026-02-13 17:58:51.634] [WARN    ] [services.transaction_service] Revit API non disponible (mode developpement)
[2026-02-13 17:58:54.726] [WARN    ] [helpers.revit_helpers] Revit API non disponible (mode developpement)
[2026-02-13 18:08:23.564] [INFO    ] [Settings            ] Configuration chargee depuis : C:\Users\DELL\AppData\Roaming\pyRevit-Master\extensions\AutoRevit.extension\config.json
[2026-02-13 18:08:23.952] [WARN    ] [services.revit_service] Revit API non disponible (mode developpement)
[2026-02-13 18:08:24.142] [WARN    ] [services.parameters_service] Revit API non disponible (mode developpement)
[2026-02-13 18:08:24.297] [WARN    ] [services.selection_service] Revit API non disponible (mode developpement)
[2026-02-13 18:08:24.480] [WARN    ] [services.transaction_service] Revit API non disponible (mode developpement)
[2026-02-13 18:08:26.574] [WARN    ] [helpers.revit_helpers] Revit API non disponible (mode developpement)
[2026-02-13 18:08:29.046] [WARN    ] [core.creation_engine] Revit API non disponible (mode développement)
[2026-02-13 18:15:24.516] [INFO    ] [Settings            ] Configuration chargee depuis : C:\Users\DELL\AppData\Roaming\pyRevit-Master\extensions\AutoRevit.extension\config.json
[2026-02-13 18:15:25.014] [WARN    ] [services.revit_service] Revit API non disponible (mode developpement)
[2026-02-13 18:15:25.198] [WARN    ] [services.parameters_service] Revit API non disponible (mode developpement)
[2026-02-13 18:15:25.323] [WARN    ] [services.selection_service] Revit API non disponible (mode developpement)
[2026-02-13 18:15:25.454] [WARN    ] [services.transaction_service] Revit API non disponible (mode developpement)
[2026-02-13 18:15:28.624] [WARN    ] [helpers.revit_helpers] Revit API non disponible (mode developpement)
[2026-02-13 18:15:30.113] [WARN    ] [core.creation_engine] Revit API non disponible (mode développement)
